[2026-04-20T12:07:20Z] === Phase 1.51V expansion queue start ===
[2026-04-20T12:07:20Z] START exp01_videomme_8f_unpatched
[2026-04-20T12:33:22Z] DONE  exp01_videomme_8f_unpatched (1562s)
[2026-04-20T12:33:22Z] START exp02_videomme_8f_L2_kr050
[2026-04-20T12:57:53Z] DONE  exp02_videomme_8f_L2_kr050 (1471s)
[2026-04-20T12:57:53Z] START exp03_videomme_8f_L2_kr025
[2026-04-20T13:22:15Z] DONE  exp03_videomme_8f_L2_kr025 (1462s)
[2026-04-20T13:22:15Z] START exp04_videomme_8f_L2_kr075
[2026-04-20T13:47:09Z] DONE  exp04_videomme_8f_L2_kr075 (1494s)
[2026-04-20T13:47:09Z] START exp05_mvbench_8f_unpatched
[2026-04-20T13:58:21Z] DONE  exp05_mvbench_8f_unpatched (672s)
[2026-04-20T13:58:21Z] START exp06_mvbench_8f_L2_kr050
[2026-04-20T14:08:27Z] DONE  exp06_mvbench_8f_L2_kr050 (606s)
[2026-04-20T14:08:27Z] START exp07_tomato_8f_unpatched
[2026-04-20T14:20:56Z] DONE  exp07_tomato_8f_unpatched (749s)
[2026-04-20T14:20:56Z] START exp08_tomato_8f_L2_kr050
[2026-04-20T14:31:45Z] DONE  exp08_tomato_8f_L2_kr050 (649s)
[2026-04-20T14:31:45Z] START exp09_videomme_8f_L2_kr050_novelty050_structural
[2026-04-20T14:55:49Z] DONE  exp09_videomme_8f_L2_kr050_novelty050_structural (1444s)
[2026-04-20T14:55:49Z] START exp10_videomme_8f_L2_kr050_novelty030_none
